Analysis & Elaboration report for router_top
Sun May 01 09:12:38 2022
Quartus Prime Version 17.1.0 Build 590 10/25/2017 SJ Lite Edition


---------------------
; Table of Contents ;
---------------------
  1. Legal Notice
  2. Analysis & Elaboration Summary
  3. Parallel Compilation
  4. Parameter Settings for User Entity Instance: router_fsm:fsm
  5. Analysis & Elaboration Settings
  6. Analysis & Elaboration Messages
  7. Analysis & Elaboration Suppressed Messages



----------------
; Legal Notice ;
----------------
Copyright (C) 2017  Intel Corporation. All rights reserved.
Your use of Intel Corporation's design tools, logic functions 
and other software and tools, and its AMPP partner logic 
functions, and any output files from any of the foregoing 
(including device programming or simulation files), and any 
associated documentation or information are expressly subject 
to the terms and conditions of the Intel Program License 
Subscription Agreement, the Intel Quartus Prime License Agreement,
the Intel FPGA IP License Agreement, or other applicable license
agreement, including, without limitation, that your use is for
the sole purpose of programming logic devices manufactured by
Intel and sold by Intel or its authorized distributors.  Please
refer to the applicable agreement for further details.



+-----------------------------------------------------------------------------+
; Analysis & Elaboration Summary                                              ;
+-------------------------------+---------------------------------------------+
; Analysis & Elaboration Status ; Successful - Sun May 01 09:12:38 2022       ;
; Quartus Prime Version         ; 17.1.0 Build 590 10/25/2017 SJ Lite Edition ;
; Revision Name                 ; router_top                                  ;
; Top-level Entity Name         ; router_top                                  ;
; Family                        ; MAX V                                       ;
+-------------------------------+---------------------------------------------+


+------------------------------------------+
; Parallel Compilation                     ;
+----------------------------+-------------+
; Processors                 ; Number      ;
+----------------------------+-------------+
; Number detected on machine ; 4           ;
; Maximum allowed            ; 2           ;
;                            ;             ;
; Average used               ; 1.00        ;
; Maximum used               ; 1           ;
;                            ;             ;
; Usage by Processor         ; % Time Used ;
;     Processor 1            ; 100.0%      ;
+----------------------------+-------------+


+-------------------------------------------------------------+
; Parameter Settings for User Entity Instance: router_fsm:fsm ;
+--------------------+-------+--------------------------------+
; Parameter Name     ; Value ; Type                           ;
+--------------------+-------+--------------------------------+
; decode_address     ; 0001  ; Unsigned Binary                ;
; wait_till_empty    ; 0010  ; Unsigned Binary                ;
; load_first_data    ; 0011  ; Unsigned Binary                ;
; load_data          ; 0100  ; Unsigned Binary                ;
; load_parity        ; 0101  ; Unsigned Binary                ;
; fifo_full_state    ; 0110  ; Unsigned Binary                ;
; load_after_full    ; 0111  ; Unsigned Binary                ;
; check_parity_error ; 1000  ; Unsigned Binary                ;
+--------------------+-------+--------------------------------+
Note: In order to hide this table in the UI and the text report file, please set the "Show Parameter Settings in Synthesis Report" option in "Analysis and Synthesis Settings -> More Settings" to "Off".


+----------------------------------------------------------------------------------------------------------------------+
; Analysis & Elaboration Settings                                                                                      ;
+----------------------------------------------------------------------------+--------------------+--------------------+
; Option                                                                     ; Setting            ; Default Value      ;
+----------------------------------------------------------------------------+--------------------+--------------------+
; Top-level entity name                                                      ; router_top         ; router_top         ;
; Family name                                                                ; MAX V              ; Cyclone V          ;
; Use smart compilation                                                      ; Off                ; Off                ;
; Enable parallel Assembler and TimeQuest Timing Analyzer during compilation ; On                 ; On                 ;
; Enable compact report table                                                ; Off                ; Off                ;
; Restructure Multiplexers                                                   ; Auto               ; Auto               ;
; Create Debugging Nodes for IP Cores                                        ; Off                ; Off                ;
; Preserve fewer node names                                                  ; On                 ; On                 ;
; Intel FPGA IP Evaluation Mode                                              ; Enable             ; Enable             ;
; Verilog Version                                                            ; Verilog_2001       ; Verilog_2001       ;
; VHDL Version                                                               ; VHDL_1993          ; VHDL_1993          ;
; State Machine Processing                                                   ; Auto               ; Auto               ;
; Safe State Machine                                                         ; Off                ; Off                ;
; Extract Verilog State Machines                                             ; On                 ; On                 ;
; Extract VHDL State Machines                                                ; On                 ; On                 ;
; Ignore Verilog initial constructs                                          ; Off                ; Off                ;
; Iteration limit for constant Verilog loops                                 ; 5000               ; 5000               ;
; Iteration limit for non-constant Verilog loops                             ; 250                ; 250                ;
; Add Pass-Through Logic to Inferred RAMs                                    ; On                 ; On                 ;
; Infer RAMs from Raw Logic                                                  ; On                 ; On                 ;
; Parallel Synthesis                                                         ; On                 ; On                 ;
; NOT Gate Push-Back                                                         ; On                 ; On                 ;
; Power-Up Don't Care                                                        ; On                 ; On                 ;
; Remove Redundant Logic Cells                                               ; Off                ; Off                ;
; Remove Duplicate Registers                                                 ; On                 ; On                 ;
; Ignore CARRY Buffers                                                       ; Off                ; Off                ;
; Ignore CASCADE Buffers                                                     ; Off                ; Off                ;
; Ignore GLOBAL Buffers                                                      ; Off                ; Off                ;
; Ignore ROW GLOBAL Buffers                                                  ; Off                ; Off                ;
; Ignore LCELL Buffers                                                       ; Off                ; Off                ;
; Ignore SOFT Buffers                                                        ; On                 ; On                 ;
; Limit AHDL Integers to 32 Bits                                             ; Off                ; Off                ;
; Optimization Technique                                                     ; Balanced           ; Balanced           ;
; Carry Chain Length                                                         ; 70                 ; 70                 ;
; Auto Carry Chains                                                          ; On                 ; On                 ;
; Auto Open-Drain Pins                                                       ; On                 ; On                 ;
; Perform WYSIWYG Primitive Resynthesis                                      ; Off                ; Off                ;
; Auto Shift Register Replacement                                            ; Auto               ; Auto               ;
; Allow Shift Register Merging across Hierarchies                            ; Auto               ; Auto               ;
; Auto Clock Enable Replacement                                              ; On                 ; On                 ;
; Allow Synchronous Control Signals                                          ; On                 ; On                 ;
; Force Use of Synchronous Clear Signals                                     ; Off                ; Off                ;
; Auto Resource Sharing                                                      ; Off                ; Off                ;
; Use LogicLock Constraints during Resource Balancing                        ; On                 ; On                 ;
; Ignore translate_off and synthesis_off directives                          ; Off                ; Off                ;
; Report Parameter Settings                                                  ; On                 ; On                 ;
; Report Source Assignments                                                  ; On                 ; On                 ;
; Report Connectivity Checks                                                 ; On                 ; On                 ;
; Ignore Maximum Fan-Out Assignments                                         ; Off                ; Off                ;
; Synchronization Register Chain Length                                      ; 2                  ; 2                  ;
; Power Optimization During Synthesis                                        ; Normal compilation ; Normal compilation ;
; HDL message level                                                          ; Level2             ; Level2             ;
; Suppress Register Optimization Related Messages                            ; Off                ; Off                ;
; Number of Removed Registers Reported in Synthesis Report                   ; 5000               ; 5000               ;
; Number of Swept Nodes Reported in Synthesis Report                         ; 5000               ; 5000               ;
; Number of Inverted Registers Reported in Synthesis Report                  ; 100                ; 100                ;
; Clock MUX Protection                                                       ; On                 ; On                 ;
; Block Design Naming                                                        ; Auto               ; Auto               ;
; Synthesis Effort                                                           ; Auto               ; Auto               ;
; Shift Register Replacement - Allow Asynchronous Clear Signal               ; On                 ; On                 ;
; Analysis & Synthesis Message Level                                         ; Medium             ; Medium             ;
; Disable Register Merging Across Hierarchies                                ; Auto               ; Auto               ;
+----------------------------------------------------------------------------+--------------------+--------------------+


+---------------------------------+
; Analysis & Elaboration Messages ;
+---------------------------------+
Info: *******************************************************************
Info: Running Quartus Prime Analysis & Elaboration
    Info: Version 17.1.0 Build 590 10/25/2017 SJ Lite Edition
    Info: Processing started: Sun May 01 09:12:22 2022
Info: Command: quartus_map --read_settings_files=on --write_settings_files=off router_top -c router_top --analysis_and_elaboration
Warning (18236): Number of processors has not been specified which may cause overloading on shared machines.  Set the global assignment NUM_PARALLEL_PROCESSORS in your QSF to an appropriate value for best performance.
Info (20030): Parallel compilation is enabled and will use 2 of the 2 processors detected
Info (12021): Found 1 design units, including 1 entities, in source file /users/user/desktop/academics/maven silicon/verilog_labs/router_project/rtl/router_top.v
    Info (12023): Found entity 1: router_top File: C:/Users/User/Desktop/Academics/Maven Silicon/Verilog_labs/router_project/rtl/router_top.v Line: 1
Info (12021): Found 1 design units, including 1 entities, in source file /users/user/desktop/academics/maven silicon/verilog_labs/router_project/rtl/router_sync.v
    Info (12023): Found entity 1: router_sync File: C:/Users/User/Desktop/Academics/Maven Silicon/Verilog_labs/router_project/rtl/router_sync.v Line: 1
Warning (12019): Can't analyze file -- file ../rtl/router_register.v is missing
Info (12021): Found 1 design units, including 1 entities, in source file /users/user/desktop/academics/maven silicon/verilog_labs/router_project/rtl/router_reg.v
    Info (12023): Found entity 1: router_reg File: C:/Users/User/Desktop/Academics/Maven Silicon/Verilog_labs/router_project/rtl/router_reg.v Line: 1
Info (12021): Found 1 design units, including 1 entities, in source file /users/user/desktop/academics/maven silicon/verilog_labs/router_project/rtl/router_fsm.v
    Info (12023): Found entity 1: router_fsm File: C:/Users/User/Desktop/Academics/Maven Silicon/Verilog_labs/router_project/rtl/router_fsm.v Line: 1
Info (12021): Found 1 design units, including 1 entities, in source file /users/user/desktop/academics/maven silicon/verilog_labs/router_project/rtl/router_fifo.v
    Info (12023): Found entity 1: router_fifo File: C:/Users/User/Desktop/Academics/Maven Silicon/Verilog_labs/router_project/rtl/router_fifo.v Line: 1
Warning (10236): Verilog HDL Implicit Net warning at router_top.v(28): created implicit net for "fifo_full" File: C:/Users/User/Desktop/Academics/Maven Silicon/Verilog_labs/router_project/rtl/router_top.v Line: 28
Warning (10236): Verilog HDL Implicit Net warning at router_top.v(28): created implicit net for "detect_add" File: C:/Users/User/Desktop/Academics/Maven Silicon/Verilog_labs/router_project/rtl/router_top.v Line: 28
Warning (10236): Verilog HDL Implicit Net warning at router_top.v(29): created implicit net for "ld_state" File: C:/Users/User/Desktop/Academics/Maven Silicon/Verilog_labs/router_project/rtl/router_top.v Line: 29
Warning (10236): Verilog HDL Implicit Net warning at router_top.v(29): created implicit net for "laf_state" File: C:/Users/User/Desktop/Academics/Maven Silicon/Verilog_labs/router_project/rtl/router_top.v Line: 29
Warning (10236): Verilog HDL Implicit Net warning at router_top.v(29): created implicit net for "full_state" File: C:/Users/User/Desktop/Academics/Maven Silicon/Verilog_labs/router_project/rtl/router_top.v Line: 29
Warning (10236): Verilog HDL Implicit Net warning at router_top.v(30): created implicit net for "rst_int_reg" File: C:/Users/User/Desktop/Academics/Maven Silicon/Verilog_labs/router_project/rtl/router_top.v Line: 30
Warning (10236): Verilog HDL Implicit Net warning at router_top.v(30): created implicit net for "parity_done" File: C:/Users/User/Desktop/Academics/Maven Silicon/Verilog_labs/router_project/rtl/router_top.v Line: 30
Warning (10236): Verilog HDL Implicit Net warning at router_top.v(30): created implicit net for "low_packet_valid" File: C:/Users/User/Desktop/Academics/Maven Silicon/Verilog_labs/router_project/rtl/router_top.v Line: 30
Warning (10236): Verilog HDL Implicit Net warning at router_top.v(37): created implicit net for "write_enb_reg" File: C:/Users/User/Desktop/Academics/Maven Silicon/Verilog_labs/router_project/rtl/router_top.v Line: 37
Info (12127): Elaborating entity "router_top" for the top level hierarchy
Info (12128): Elaborating entity "router_fifo" for hierarchy "router_fifo:fifo[0].f" File: C:/Users/User/Desktop/Academics/Maven Silicon/Verilog_labs/router_project/rtl/router_top.v Line: 23
Warning (10230): Verilog HDL assignment warning at router_fifo.v(36): truncated value with size 32 to match size of target (5) File: C:/Users/User/Desktop/Academics/Maven Silicon/Verilog_labs/router_project/rtl/router_fifo.v Line: 36
Warning (10230): Verilog HDL assignment warning at router_fifo.v(39): truncated value with size 32 to match size of target (5) File: C:/Users/User/Desktop/Academics/Maven Silicon/Verilog_labs/router_project/rtl/router_fifo.v Line: 39
Warning (10230): Verilog HDL assignment warning at router_fifo.v(88): truncated value with size 9 to match size of target (8) File: C:/Users/User/Desktop/Academics/Maven Silicon/Verilog_labs/router_project/rtl/router_fifo.v Line: 88
Warning (10230): Verilog HDL assignment warning at router_fifo.v(115): truncated value with size 5 to match size of target (4) File: C:/Users/User/Desktop/Academics/Maven Silicon/Verilog_labs/router_project/rtl/router_fifo.v Line: 115
Warning (10230): Verilog HDL assignment warning at router_fifo.v(116): truncated value with size 5 to match size of target (4) File: C:/Users/User/Desktop/Academics/Maven Silicon/Verilog_labs/router_project/rtl/router_fifo.v Line: 116
Info (12128): Elaborating entity "router_reg" for hierarchy "router_reg:r1" File: C:/Users/User/Desktop/Academics/Maven Silicon/Verilog_labs/router_project/rtl/router_top.v Line: 30
Info (12128): Elaborating entity "router_fsm" for hierarchy "router_fsm:fsm" File: C:/Users/User/Desktop/Academics/Maven Silicon/Verilog_labs/router_project/rtl/router_top.v Line: 37
Warning (10230): Verilog HDL assignment warning at router_fsm.v(133): truncated value with size 32 to match size of target (1) File: C:/Users/User/Desktop/Academics/Maven Silicon/Verilog_labs/router_project/rtl/router_fsm.v Line: 133
Warning (10230): Verilog HDL assignment warning at router_fsm.v(134): truncated value with size 32 to match size of target (1) File: C:/Users/User/Desktop/Academics/Maven Silicon/Verilog_labs/router_project/rtl/router_fsm.v Line: 134
Warning (10230): Verilog HDL assignment warning at router_fsm.v(135): truncated value with size 32 to match size of target (1) File: C:/Users/User/Desktop/Academics/Maven Silicon/Verilog_labs/router_project/rtl/router_fsm.v Line: 135
Warning (10230): Verilog HDL assignment warning at router_fsm.v(136): truncated value with size 32 to match size of target (1) File: C:/Users/User/Desktop/Academics/Maven Silicon/Verilog_labs/router_project/rtl/router_fsm.v Line: 136
Warning (10230): Verilog HDL assignment warning at router_fsm.v(137): truncated value with size 32 to match size of target (1) File: C:/Users/User/Desktop/Academics/Maven Silicon/Verilog_labs/router_project/rtl/router_fsm.v Line: 137
Warning (10230): Verilog HDL assignment warning at router_fsm.v(138): truncated value with size 32 to match size of target (1) File: C:/Users/User/Desktop/Academics/Maven Silicon/Verilog_labs/router_project/rtl/router_fsm.v Line: 138
Warning (10230): Verilog HDL assignment warning at router_fsm.v(139): truncated value with size 32 to match size of target (1) File: C:/Users/User/Desktop/Academics/Maven Silicon/Verilog_labs/router_project/rtl/router_fsm.v Line: 139
Warning (10230): Verilog HDL assignment warning at router_fsm.v(140): truncated value with size 32 to match size of target (1) File: C:/Users/User/Desktop/Academics/Maven Silicon/Verilog_labs/router_project/rtl/router_fsm.v Line: 140
Info (12128): Elaborating entity "router_sync" for hierarchy "router_sync:s" File: C:/Users/User/Desktop/Academics/Maven Silicon/Verilog_labs/router_project/rtl/router_top.v Line: 43
Info (144001): Generated suppressed messages file C:/Users/User/Desktop/Academics/Maven Silicon/Verilog_labs/router_project/syn/output_files/router_top.map.smsg
Info: Quartus Prime Analysis & Elaboration was successful. 0 errors, 24 warnings
    Info: Peak virtual memory: 4691 megabytes
    Info: Processing ended: Sun May 01 09:12:38 2022
    Info: Elapsed time: 00:00:16
    Info: Total CPU time (on all processors): 00:00:34


+--------------------------------------------+
; Analysis & Elaboration Suppressed Messages ;
+--------------------------------------------+
The suppressed messages can be found in C:/Users/User/Desktop/Academics/Maven Silicon/Verilog_labs/router_project/syn/output_files/router_top.map.smsg.


